2026-05-10 16:33:19,301 - INFO - 初始化MongoDB数据库...
2026-05-10 16:33:19,314 - INFO - MongoDB数据库初始化成功
2026-05-10 16:33:19,314 - INFO - === 启动持续爬取模式 ===
2026-05-10 16:33:19,314 - INFO - 爬取间隔: 60 分钟
2026-05-10 16:33:19,315 - INFO - 每轮爬取项目数: 20
2026-05-10 16:33:19,315 - INFO - 按 Ctrl+C 停止爬取
2026-05-10 16:33:19,315 - INFO - === 开始第 1 轮爬取 ===
2026-05-10 16:33:47,674 - WARNING - 本轮未获取到任何项目数据
2026-05-10 16:33:47,674 - INFO - === 爬取统计 ===
2026-05-10 16:33:47,675 - INFO - 已完成轮数: 0
2026-05-10 16:33:47,675 - INFO - 总项目数: 0
2026-05-10 16:33:47,675 - INFO - 总提交记录数: 0
2026-05-10 16:33:47,675 - INFO - 总贡献者数: 0
2026-05-10 16:33:47,685 - INFO - === 数据库统计 ===
2026-05-10 16:33:47,685 - INFO - 项目数: 0
2026-05-10 16:33:47,685 - INFO - 所有者数: 0
2026-05-10 16:33:47,685 - INFO - 组织数: 0
2026-05-10 16:33:47,686 - INFO - 提交记录数: 0
2026-05-10 16:33:47,686 - INFO - 贡献者数: 0
2026-05-10 16:33:47,686 - INFO - 等待 60 分钟后进行下一轮爬取...
2026-05-12 10:25:54,725 - INFO - 初始化MongoDB数据库...
2026-05-12 10:25:54,775 - INFO - MongoDB数据库初始化成功
2026-05-12 10:25:54,775 - INFO - === 启动持续爬取模式 ===
2026-05-12 10:25:54,785 - INFO - 爬取间隔: 60 分钟
2026-05-12 10:25:54,785 - INFO - 每轮爬取项目数: 20
2026-05-12 10:25:54,785 - INFO - 按 Ctrl+C 停止爬取
2026-05-12 10:25:54,786 - INFO - === 开始第 1 轮爬取 ===
2026-05-12 10:27:03,133 - INFO - 收到 Ctrl+C 信号
2026-05-12 10:27:03,133 - INFO - 收到停止信号，正在停止爬取...
2026-05-12 10:27:03,142 - INFO - === 爬取统计 ===
2026-05-12 10:27:03,142 - INFO - 已完成轮数: 0
2026-05-12 10:27:03,142 - INFO - 总项目数: 0
2026-05-12 10:27:03,142 - INFO - 总提交记录数: 0
2026-05-12 10:27:03,143 - INFO - 总贡献者数: 0
2026-05-12 10:27:03,152 - INFO - === 数据库统计 ===
2026-05-12 10:27:03,152 - INFO - 项目数: 0
2026-05-12 10:27:03,152 - INFO - 所有者数: 0
2026-05-12 10:27:03,152 - INFO - 组织数: 0
2026-05-12 10:27:03,152 - INFO - 提交记录数: 0
2026-05-12 10:27:03,152 - INFO - 贡献者数: 0
2026-05-12 10:27:03,153 - INFO - 爬虫已停止
2026-05-12 10:27:06,584 - INFO - 初始化MongoDB数据库...
2026-05-12 10:27:06,609 - INFO - MongoDB数据库初始化成功
2026-05-12 10:27:06,609 - INFO - === 启动持续爬取模式 ===
2026-05-12 10:27:06,609 - INFO - 爬取间隔: 60 分钟
2026-05-12 10:27:06,609 - INFO - 每轮爬取项目数: 20
2026-05-12 10:27:06,609 - INFO - 按 Ctrl+C 停止爬取
2026-05-12 10:27:06,609 - INFO - === 开始第 1 轮爬取 ===
2026-05-12 10:27:48,773 - INFO - 处理项目 1/20: public-apis/public-apis
2026-05-12 10:27:48,776 - INFO - 插入新组织: public-apis
2026-05-12 10:27:48,807 - INFO - 插入新项目: public-apis/public-apis
2026-05-12 10:27:48,807 - INFO - 开始爬取提交记录: public-apis/public-apis
2026-05-12 10:27:53,250 - INFO - 插入 90 条提交记录
2026-05-12 10:27:54,240 - INFO - 开始爬取贡献者: public-apis/public-apis
2026-05-12 10:27:56,640 - INFO - 插入 60 条贡献者记录
2026-05-12 10:27:59,083 - INFO - 处理项目 2/20: EbookFoundation/free-programming-books
2026-05-12 10:27:59,085 - INFO - 插入新组织: EbookFoundation
2026-05-12 10:27:59,086 - INFO - 插入新项目: EbookFoundation/free-programming-books
2026-05-12 10:27:59,086 - INFO - 开始爬取提交记录: EbookFoundation/free-programming-books
2026-05-12 10:28:03,877 - INFO - 插入 90 条提交记录
2026-05-12 10:28:04,611 - INFO - 开始爬取贡献者: EbookFoundation/free-programming-books
2026-05-12 10:28:06,962 - INFO - 插入 60 条贡献者记录
2026-05-12 10:28:09,242 - INFO - 处理项目 3/20: facebook/react
2026-05-12 10:28:09,246 - INFO - 插入新组织: facebook
2026-05-12 10:28:09,247 - INFO - 插入新项目: facebook/react
2026-05-12 10:28:09,248 - INFO - 开始爬取提交记录: facebook/react
2026-05-12 10:28:13,319 - INFO - 插入 90 条提交记录
2026-05-12 10:28:14,182 - INFO - 开始爬取贡献者: facebook/react
2026-05-12 10:28:17,228 - INFO - 插入 60 条贡献者记录
2026-05-12 10:28:19,225 - INFO - 处理项目 4/20: trekhleb/javascript-algorithms
2026-05-12 10:28:19,235 - INFO - 插入新所有者: trekhleb
2026-05-12 10:28:19,246 - INFO - 插入新项目: trekhleb/javascript-algorithms
2026-05-12 10:28:19,249 - INFO - 开始爬取提交记录: trekhleb/javascript-algorithms
2026-05-12 10:28:23,721 - INFO - 插入 90 条提交记录
2026-05-12 10:28:24,583 - INFO - 开始爬取贡献者: trekhleb/javascript-algorithms
2026-05-12 10:28:27,285 - INFO - 插入 60 条贡献者记录
2026-05-12 10:28:29,191 - INFO - 处理项目 5/20: Snailclimb/JavaGuide
2026-05-12 10:28:29,194 - INFO - 插入新所有者: Snailclimb
2026-05-12 10:28:29,195 - INFO - 插入新项目: Snailclimb/JavaGuide
2026-05-12 10:28:29,196 - INFO - 开始爬取提交记录: Snailclimb/JavaGuide
2026-05-12 10:28:33,326 - INFO - 插入 90 条提交记录
2026-05-12 10:28:34,226 - INFO - 开始爬取贡献者: Snailclimb/JavaGuide
2026-05-12 10:28:44,477 - INFO - 收到 Ctrl+C 信号
2026-05-12 10:28:44,478 - INFO - 收到停止信号，正在停止爬取...
2026-05-12 10:28:44,481 - INFO - === 爬取统计 ===
2026-05-12 10:28:44,481 - INFO - 已完成轮数: 0
2026-05-12 10:28:44,482 - INFO - 总项目数: 5
2026-05-12 10:28:44,482 - INFO - 总提交记录数: 450
2026-05-12 10:28:44,482 - INFO - 总贡献者数: 240
2026-05-12 10:28:44,491 - INFO - === 数据库统计 ===
2026-05-12 10:28:44,492 - INFO - 项目数: 5
2026-05-12 10:28:44,492 - INFO - 所有者数: 2
2026-05-12 10:28:44,492 - INFO - 组织数: 3
2026-05-12 10:28:44,492 - INFO - 提交记录数: 450
2026-05-12 10:28:44,492 - INFO - 贡献者数: 240
2026-05-12 10:28:44,493 - INFO - 爬虫已停止
